mode: set
agmc_d6/controllers/book.controller.go:19.56,23.2 1 1
agmc_d6/controllers/book.controller.go:25.55,33.2 2 1
agmc_d6/controllers/book.controller.go:35.54,37.16 2 1
agmc_d6/controllers/book.controller.go:45.2,46.16 2 1
agmc_d6/controllers/book.controller.go:54.2,59.4 1 1
agmc_d6/controllers/book.controller.go:37.16,43.3 1 1
agmc_d6/controllers/book.controller.go:46.16,52.3 1 1
agmc_d6/controllers/book.controller.go:62.55,72.2 4 1
agmc_d6/controllers/book.controller.go:74.56,77.16 2 1
agmc_d6/controllers/book.controller.go:85.2,86.16 2 1
agmc_d6/controllers/book.controller.go:93.2,97.16 4 1
agmc_d6/controllers/book.controller.go:105.2,110.4 1 1
agmc_d6/controllers/book.controller.go:77.16,83.3 1 1
agmc_d6/controllers/book.controller.go:86.16,92.3 1 0
agmc_d6/controllers/book.controller.go:97.16,103.3 1 1
agmc_d6/controllers/book.controller.go:113.56,116.16 2 1
agmc_d6/controllers/book.controller.go:123.2,124.16 2 1
agmc_d6/controllers/book.controller.go:131.2,138.4 1 1
agmc_d6/controllers/book.controller.go:116.16,122.3 1 1
agmc_d6/controllers/book.controller.go:124.16,130.3 1 1
agmc_d6/controllers/user.controller.go:16.56,20.2 1 1
agmc_d6/controllers/user.controller.go:22.55,24.16 2 1
agmc_d6/controllers/user.controller.go:32.2,37.4 1 1
agmc_d6/controllers/user.controller.go:24.16,31.3 1 0
agmc_d6/controllers/user.controller.go:40.54,42.16 2 1
agmc_d6/controllers/user.controller.go:51.2,52.16 2 1
agmc_d6/controllers/user.controller.go:65.2,70.4 1 1
agmc_d6/controllers/user.controller.go:42.16,49.3 1 0
agmc_d6/controllers/user.controller.go:52.16,54.64 2 0
agmc_d6/controllers/user.controller.go:57.3,62.5 1 0
agmc_d6/controllers/user.controller.go:54.64,56.4 1 0
agmc_d6/controllers/user.controller.go:73.55,78.16 4 1
agmc_d6/controllers/user.controller.go:87.2,92.4 1 1
agmc_d6/controllers/user.controller.go:78.16,85.3 1 0
agmc_d6/controllers/user.controller.go:95.56,100.16 4 1
agmc_d6/controllers/user.controller.go:109.2,110.16 2 1
agmc_d6/controllers/user.controller.go:123.2,130.4 1 1
agmc_d6/controllers/user.controller.go:100.16,107.3 1 0
agmc_d6/controllers/user.controller.go:110.16,112.64 2 0
agmc_d6/controllers/user.controller.go:115.3,120.5 1 0
agmc_d6/controllers/user.controller.go:112.64,114.4 1 0
agmc_d6/controllers/user.controller.go:133.56,136.16 2 1
agmc_d6/controllers/user.controller.go:145.2,146.16 2 1
agmc_d6/controllers/user.controller.go:159.2,166.4 1 1
agmc_d6/controllers/user.controller.go:136.16,143.3 1 0
agmc_d6/controllers/user.controller.go:146.16,148.64 2 0
agmc_d6/controllers/user.controller.go:151.3,156.5 1 0
agmc_d6/controllers/user.controller.go:148.64,150.4 1 0
agmc_d6/controllers/auth.controller.go:16.65,20.2 1 1
agmc_d6/controllers/auth.controller.go:27.55,32.16 4 1
agmc_d6/controllers/auth.controller.go:41.2,51.4 2 1
agmc_d6/controllers/auth.controller.go:32.16,39.3 1 1
